<?xml version="1.0" encoding="UTF-8"?>
<testng-results ignored="0" total="3" passed="3" failed="0" skipped="0">
  <reporter-output>
  </reporter-output>
  <suite started-at="2022-09-06T00:51:07 IST" name="Default suite" finished-at="2022-09-06T00:51:12 IST" duration-ms="5195">
    <groups>
    </groups>
    <test started-at="2022-09-06T00:51:07 IST" name="Default test" finished-at="2022-09-06T00:51:12 IST" duration-ms="5195">
      <class name="testRunner.TestNGRunner">
        <test-method is-config="true" signature="beforeSuite()[pri:0, instance:testRunner.TestNGRunner@57d7f8ca]" started-at="2022-09-06T00:51:00 IST" name="beforeSuite" finished-at="2022-09-06T00:51:07 IST" duration-ms="6615" status="PASS">
          <reporter-output>
          </reporter-output>
        </test-method> <!-- beforeSuite -->
        <test-method is-config="true" signature="beforeTest()[pri:0, instance:testRunner.TestNGRunner@57d7f8ca]" started-at="2022-09-06T00:51:07 IST" name="beforeTest" finished-at="2022-09-06T00:51:07 IST" duration-ms="0" status="PASS">
          <reporter-output>
          </reporter-output>
        </test-method> <!-- beforeTest -->
        <test-method is-config="true" signature="beforeClass()[pri:0, instance:testRunner.TestNGRunner@57d7f8ca]" started-at="2022-09-06T00:51:07 IST" name="beforeClass" finished-at="2022-09-06T00:51:07 IST" duration-ms="0" status="PASS">
          <reporter-output>
          </reporter-output>
        </test-method> <!-- beforeClass -->
        <test-method is-config="true" signature="beforeMethod(org.testng.ITestResult)[pri:0, instance:testRunner.TestNGRunner@57d7f8ca]" started-at="2022-09-06T00:51:07 IST" name="beforeMethod" finished-at="2022-09-06T00:51:07 IST" duration-ms="22" status="PASS">
          <params>
            <param index="0">
              <value>
                <![CDATA[[TestResult name={null} status=CREATED method=TestNGRunner.createUser()[pri:4, instance:testRunner.TestNGRunner@57d7f8ca] output={null}]]]>
              </value>
            </param>
          </params>
          <reporter-output>
          </reporter-output>
        </test-method> <!-- beforeMethod -->
        <test-method signature="createUser()[pri:4, instance:testRunner.TestNGRunner@57d7f8ca]" started-at="2022-09-06T00:51:07 IST" name="createUser" description="To verify add users" finished-at="2022-09-06T00:51:09 IST" duration-ms="2289" status="PASS">
          <reporter-output>
          </reporter-output>
        </test-method> <!-- createUser -->
        <test-method is-config="true" signature="afterMethod(org.testng.ITestResult)[pri:0, instance:testRunner.TestNGRunner@57d7f8ca]" started-at="2022-09-06T00:51:09 IST" name="afterMethod" finished-at="2022-09-06T00:51:09 IST" duration-ms="1" status="PASS">
          <params>
            <param index="0">
              <value>
                <![CDATA[[TestResult name=createUser status=SUCCESS method=TestNGRunner.createUser()[pri:4, instance:testRunner.TestNGRunner@57d7f8ca] output={null}]]]>
              </value>
            </param>
          </params>
          <reporter-output>
          </reporter-output>
        </test-method> <!-- afterMethod -->
        <test-method is-config="true" signature="beforeMethod(org.testng.ITestResult)[pri:0, instance:testRunner.TestNGRunner@57d7f8ca]" started-at="2022-09-06T00:51:09 IST" name="beforeMethod" finished-at="2022-09-06T00:51:09 IST" duration-ms="1" status="PASS">
          <params>
            <param index="0">
              <value>
                <![CDATA[[TestResult name={null} status=CREATED method=TestNGRunner.postPets()[pri:5, instance:testRunner.TestNGRunner@57d7f8ca] output={null}]]]>
              </value>
            </param>
          </params>
          <reporter-output>
          </reporter-output>
        </test-method> <!-- beforeMethod -->
        <test-method signature="postPets()[pri:5, instance:testRunner.TestNGRunner@57d7f8ca]" started-at="2022-09-06T00:51:09 IST" name="postPets" description="To verify add pets" finished-at="2022-09-06T00:51:11 IST" duration-ms="1628" status="PASS">
          <reporter-output>
          </reporter-output>
        </test-method> <!-- postPets -->
        <test-method is-config="true" signature="beforeMethod(org.testng.ITestResult)[pri:0, instance:testRunner.TestNGRunner@57d7f8ca]" started-at="2022-09-06T00:51:11 IST" name="beforeMethod" finished-at="2022-09-06T00:51:11 IST" duration-ms="2" status="PASS">
          <params>
            <param index="0">
              <value>
                <![CDATA[[TestResult name={null} status=CREATED method=TestNGRunner.purchasePet()[pri:6, instance:testRunner.TestNGRunner@57d7f8ca] output={null}]]]>
              </value>
            </param>
          </params>
          <reporter-output>
          </reporter-output>
        </test-method> <!-- beforeMethod -->
        <test-method is-config="true" signature="afterMethod(org.testng.ITestResult)[pri:0, instance:testRunner.TestNGRunner@57d7f8ca]" started-at="2022-09-06T00:51:11 IST" name="afterMethod" finished-at="2022-09-06T00:51:11 IST" duration-ms="0" status="PASS">
          <params>
            <param index="0">
              <value>
                <![CDATA[[TestResult name=postPets status=SUCCESS method=TestNGRunner.postPets()[pri:5, instance:testRunner.TestNGRunner@57d7f8ca] output={null}]]]>
              </value>
            </param>
          </params>
          <reporter-output>
          </reporter-output>
        </test-method> <!-- afterMethod -->
        <test-method signature="purchasePet()[pri:6, instance:testRunner.TestNGRunner@57d7f8ca]" started-at="2022-09-06T00:51:11 IST" name="purchasePet" description="To verify purchase pet" finished-at="2022-09-06T00:51:12 IST" duration-ms="1221" status="PASS">
          <reporter-output>
          </reporter-output>
        </test-method> <!-- purchasePet -->
        <test-method is-config="true" signature="afterMethod(org.testng.ITestResult)[pri:0, instance:testRunner.TestNGRunner@57d7f8ca]" started-at="2022-09-06T00:51:12 IST" name="afterMethod" finished-at="2022-09-06T00:51:12 IST" duration-ms="5" status="PASS">
          <params>
            <param index="0">
              <value>
                <![CDATA[[TestResult name=purchasePet status=SUCCESS method=TestNGRunner.purchasePet()[pri:6, instance:testRunner.TestNGRunner@57d7f8ca] output={null}]]]>
              </value>
            </param>
          </params>
          <reporter-output>
          </reporter-output>
        </test-method> <!-- afterMethod -->
        <test-method is-config="true" signature="afterClass()[pri:0, instance:testRunner.TestNGRunner@57d7f8ca]" started-at="2022-09-06T00:51:12 IST" name="afterClass" finished-at="2022-09-06T00:51:12 IST" duration-ms="0" status="PASS">
          <reporter-output>
          </reporter-output>
        </test-method> <!-- afterClass -->
        <test-method is-config="true" signature="afterTest()[pri:0, instance:testRunner.TestNGRunner@57d7f8ca]" started-at="2022-09-06T00:51:12 IST" name="afterTest" finished-at="2022-09-06T00:51:12 IST" duration-ms="0" status="PASS">
          <reporter-output>
          </reporter-output>
        </test-method> <!-- afterTest -->
        <test-method is-config="true" signature="afterSuite()[pri:0, instance:testRunner.TestNGRunner@57d7f8ca]" started-at="2022-09-06T00:51:12 IST" name="afterSuite" finished-at="2022-09-06T00:51:12 IST" duration-ms="139" status="PASS">
          <reporter-output>
          </reporter-output>
        </test-method> <!-- afterSuite -->
      </class> <!-- testRunner.TestNGRunner -->
    </test> <!-- Default test -->
  </suite> <!-- Default suite -->
</testng-results>
