<?xml version="1.0" encoding="UTF-8"?>
<testng-results ignored="0" total="6" passed="6" failed="0" skipped="0">
  <reporter-output>
  </reporter-output>
  <suite started-at="2022-09-06T00:59:18 IST" name="Default suite" finished-at="2022-09-06T00:59:49 IST" duration-ms="31204">
    <groups>
    </groups>
    <test started-at="2022-09-06T00:59:18 IST" name="Default test" finished-at="2022-09-06T00:59:49 IST" duration-ms="31204">
      <class name="testRunner.TestNGRunner">
        <test-method is-config="true" signature="beforeSuite()[pri:0, instance:testRunner.TestNGRunner@57d7f8ca]" started-at="2022-09-06T00:59:11 IST" name="beforeSuite" finished-at="2022-09-06T00:59:18 IST" duration-ms="6620" status="PASS">
          <reporter-output>
          </reporter-output>
        </test-method> <!-- beforeSuite -->
        <test-method is-config="true" signature="beforeTest()[pri:0, instance:testRunner.TestNGRunner@57d7f8ca]" started-at="2022-09-06T00:59:18 IST" name="beforeTest" finished-at="2022-09-06T00:59:18 IST" duration-ms="0" status="PASS">
          <reporter-output>
          </reporter-output>
        </test-method> <!-- beforeTest -->
        <test-method is-config="true" signature="beforeClass()[pri:0, instance:testRunner.TestNGRunner@57d7f8ca]" started-at="2022-09-06T00:59:18 IST" name="beforeClass" finished-at="2022-09-06T00:59:18 IST" duration-ms="0" status="PASS">
          <reporter-output>
          </reporter-output>
        </test-method> <!-- beforeClass -->
        <test-method is-config="true" signature="beforeMethod(org.testng.ITestResult)[pri:0, instance:testRunner.TestNGRunner@57d7f8ca]" started-at="2022-09-06T00:59:18 IST" name="beforeMethod" finished-at="2022-09-06T00:59:18 IST" duration-ms="26" status="PASS">
          <params>
            <param index="0">
              <value>
                <![CDATA[[TestResult name={null} status=CREATED method=TestNGRunner.verifyValidLogin()[pri:1, instance:testRunner.TestNGRunner@57d7f8ca] output={null}]]]>
              </value>
            </param>
          </params>
          <reporter-output>
          </reporter-output>
        </test-method> <!-- beforeMethod -->
        <test-method signature="verifyValidLogin()[pri:1, instance:testRunner.TestNGRunner@57d7f8ca]" started-at="2022-09-06T00:59:18 IST" name="verifyValidLogin" description="To verify valid, invalid user login" finished-at="2022-09-06T00:59:35 IST" duration-ms="17747" status="PASS">
          <reporter-output>
          </reporter-output>
        </test-method> <!-- verifyValidLogin -->
        <test-method is-config="true" signature="afterMethod(org.testng.ITestResult)[pri:0, instance:testRunner.TestNGRunner@57d7f8ca]" started-at="2022-09-06T00:59:35 IST" name="afterMethod" finished-at="2022-09-06T00:59:35 IST" duration-ms="1" status="PASS">
          <params>
            <param index="0">
              <value>
                <![CDATA[[TestResult name=verifyValidLogin status=SUCCESS method=TestNGRunner.verifyValidLogin()[pri:1, instance:testRunner.TestNGRunner@57d7f8ca] output={null}]]]>
              </value>
            </param>
          </params>
          <reporter-output>
          </reporter-output>
        </test-method> <!-- afterMethod -->
        <test-method is-config="true" signature="beforeMethod(org.testng.ITestResult)[pri:0, instance:testRunner.TestNGRunner@57d7f8ca]" started-at="2022-09-06T00:59:35 IST" name="beforeMethod" finished-at="2022-09-06T00:59:35 IST" duration-ms="1" status="PASS">
          <params>
            <param index="0">
              <value>
                <![CDATA[[TestResult name={null} status=CREATED method=TestNGRunner.verifyChromeCPU()[pri:2, instance:testRunner.TestNGRunner@57d7f8ca] output={null}]]]>
              </value>
            </param>
          </params>
          <reporter-output>
          </reporter-output>
        </test-method> <!-- beforeMethod -->
        <test-method signature="verifyChromeCPU()[pri:2, instance:testRunner.TestNGRunner@57d7f8ca]" started-at="2022-09-06T00:59:35 IST" name="verifyChromeCPU" description="To verify Dynamic table Chrome CPU" finished-at="2022-09-06T00:59:37 IST" duration-ms="1400" status="PASS">
          <reporter-output>
          </reporter-output>
        </test-method> <!-- verifyChromeCPU -->
        <test-method is-config="true" signature="afterMethod(org.testng.ITestResult)[pri:0, instance:testRunner.TestNGRunner@57d7f8ca]" started-at="2022-09-06T00:59:37 IST" name="afterMethod" finished-at="2022-09-06T00:59:37 IST" duration-ms="1" status="PASS">
          <params>
            <param index="0">
              <value>
                <![CDATA[[TestResult name=verifyChromeCPU status=SUCCESS method=TestNGRunner.verifyChromeCPU()[pri:2, instance:testRunner.TestNGRunner@57d7f8ca] output={null}]]]>
              </value>
            </param>
          </params>
          <reporter-output>
          </reporter-output>
        </test-method> <!-- afterMethod -->
        <test-method signature="verifyLoadDelay()[pri:3, instance:testRunner.TestNGRunner@57d7f8ca]" started-at="2022-09-06T00:59:37 IST" name="verifyLoadDelay" description="To verify load delay" finished-at="2022-09-06T00:59:43 IST" duration-ms="6514" status="PASS">
          <reporter-output>
          </reporter-output>
        </test-method> <!-- verifyLoadDelay -->
        <test-method is-config="true" signature="beforeMethod(org.testng.ITestResult)[pri:0, instance:testRunner.TestNGRunner@57d7f8ca]" started-at="2022-09-06T00:59:37 IST" name="beforeMethod" finished-at="2022-09-06T00:59:37 IST" duration-ms="0" status="PASS">
          <params>
            <param index="0">
              <value>
                <![CDATA[[TestResult name={null} status=CREATED method=TestNGRunner.verifyLoadDelay()[pri:3, instance:testRunner.TestNGRunner@57d7f8ca] output={null}]]]>
              </value>
            </param>
          </params>
          <reporter-output>
          </reporter-output>
        </test-method> <!-- beforeMethod -->
        <test-method is-config="true" signature="afterMethod(org.testng.ITestResult)[pri:0, instance:testRunner.TestNGRunner@57d7f8ca]" started-at="2022-09-06T00:59:43 IST" name="afterMethod" finished-at="2022-09-06T00:59:43 IST" duration-ms="0" status="PASS">
          <params>
            <param index="0">
              <value>
                <![CDATA[[TestResult name=verifyLoadDelay status=SUCCESS method=TestNGRunner.verifyLoadDelay()[pri:3, instance:testRunner.TestNGRunner@57d7f8ca] output={null}]]]>
              </value>
            </param>
          </params>
          <reporter-output>
          </reporter-output>
        </test-method> <!-- afterMethod -->
        <test-method is-config="true" signature="beforeMethod(org.testng.ITestResult)[pri:0, instance:testRunner.TestNGRunner@57d7f8ca]" started-at="2022-09-06T00:59:43 IST" name="beforeMethod" finished-at="2022-09-06T00:59:43 IST" duration-ms="0" status="PASS">
          <params>
            <param index="0">
              <value>
                <![CDATA[[TestResult name={null} status=CREATED method=TestNGRunner.createUser()[pri:4, instance:testRunner.TestNGRunner@57d7f8ca] output={null}]]]>
              </value>
            </param>
          </params>
          <reporter-output>
          </reporter-output>
        </test-method> <!-- beforeMethod -->
        <test-method signature="createUser()[pri:4, instance:testRunner.TestNGRunner@57d7f8ca]" started-at="2022-09-06T00:59:43 IST" name="createUser" description="To verify add users" finished-at="2022-09-06T00:59:46 IST" duration-ms="2552" status="PASS">
          <reporter-output>
          </reporter-output>
        </test-method> <!-- createUser -->
        <test-method is-config="true" signature="beforeMethod(org.testng.ITestResult)[pri:0, instance:testRunner.TestNGRunner@57d7f8ca]" started-at="2022-09-06T00:59:46 IST" name="beforeMethod" finished-at="2022-09-06T00:59:46 IST" duration-ms="1" status="PASS">
          <params>
            <param index="0">
              <value>
                <![CDATA[[TestResult name={null} status=CREATED method=TestNGRunner.postPets()[pri:5, instance:testRunner.TestNGRunner@57d7f8ca] output={null}]]]>
              </value>
            </param>
          </params>
          <reporter-output>
          </reporter-output>
        </test-method> <!-- beforeMethod -->
        <test-method is-config="true" signature="afterMethod(org.testng.ITestResult)[pri:0, instance:testRunner.TestNGRunner@57d7f8ca]" started-at="2022-09-06T00:59:46 IST" name="afterMethod" finished-at="2022-09-06T00:59:46 IST" duration-ms="0" status="PASS">
          <params>
            <param index="0">
              <value>
                <![CDATA[[TestResult name=createUser status=SUCCESS method=TestNGRunner.createUser()[pri:4, instance:testRunner.TestNGRunner@57d7f8ca] output={null}]]]>
              </value>
            </param>
          </params>
          <reporter-output>
          </reporter-output>
        </test-method> <!-- afterMethod -->
        <test-method signature="postPets()[pri:5, instance:testRunner.TestNGRunner@57d7f8ca]" started-at="2022-09-06T00:59:46 IST" name="postPets" description="To verify add pets" finished-at="2022-09-06T00:59:48 IST" duration-ms="1737" status="PASS">
          <reporter-output>
          </reporter-output>
        </test-method> <!-- postPets -->
        <test-method is-config="true" signature="afterMethod(org.testng.ITestResult)[pri:0, instance:testRunner.TestNGRunner@57d7f8ca]" started-at="2022-09-06T00:59:48 IST" name="afterMethod" finished-at="2022-09-06T00:59:48 IST" duration-ms="0" status="PASS">
          <params>
            <param index="0">
              <value>
                <![CDATA[[TestResult name=postPets status=SUCCESS method=TestNGRunner.postPets()[pri:5, instance:testRunner.TestNGRunner@57d7f8ca] output={null}]]]>
              </value>
            </param>
          </params>
          <reporter-output>
          </reporter-output>
        </test-method> <!-- afterMethod -->
        <test-method signature="purchasePet()[pri:6, instance:testRunner.TestNGRunner@57d7f8ca]" started-at="2022-09-06T00:59:48 IST" name="purchasePet" description="To verify purchase pet" finished-at="2022-09-06T00:59:49 IST" duration-ms="1191" status="PASS">
          <reporter-output>
          </reporter-output>
        </test-method> <!-- purchasePet -->
        <test-method is-config="true" signature="beforeMethod(org.testng.ITestResult)[pri:0, instance:testRunner.TestNGRunner@57d7f8ca]" started-at="2022-09-06T00:59:48 IST" name="beforeMethod" finished-at="2022-09-06T00:59:48 IST" duration-ms="0" status="PASS">
          <params>
            <param index="0">
              <value>
                <![CDATA[[TestResult name={null} status=CREATED method=TestNGRunner.purchasePet()[pri:6, instance:testRunner.TestNGRunner@57d7f8ca] output={null}]]]>
              </value>
            </param>
          </params>
          <reporter-output>
          </reporter-output>
        </test-method> <!-- beforeMethod -->
        <test-method is-config="true" signature="afterMethod(org.testng.ITestResult)[pri:0, instance:testRunner.TestNGRunner@57d7f8ca]" started-at="2022-09-06T00:59:49 IST" name="afterMethod" finished-at="2022-09-06T00:59:49 IST" duration-ms="0" status="PASS">
          <params>
            <param index="0">
              <value>
                <![CDATA[[TestResult name=purchasePet status=SUCCESS method=TestNGRunner.purchasePet()[pri:6, instance:testRunner.TestNGRunner@57d7f8ca] output={null}]]]>
              </value>
            </param>
          </params>
          <reporter-output>
          </reporter-output>
        </test-method> <!-- afterMethod -->
        <test-method is-config="true" signature="afterClass()[pri:0, instance:testRunner.TestNGRunner@57d7f8ca]" started-at="2022-09-06T00:59:49 IST" name="afterClass" finished-at="2022-09-06T00:59:49 IST" duration-ms="1" status="PASS">
          <reporter-output>
          </reporter-output>
        </test-method> <!-- afterClass -->
        <test-method is-config="true" signature="afterTest()[pri:0, instance:testRunner.TestNGRunner@57d7f8ca]" started-at="2022-09-06T00:59:49 IST" name="afterTest" finished-at="2022-09-06T00:59:49 IST" duration-ms="0" status="PASS">
          <reporter-output>
          </reporter-output>
        </test-method> <!-- afterTest -->
        <test-method is-config="true" signature="afterSuite()[pri:0, instance:testRunner.TestNGRunner@57d7f8ca]" started-at="2022-09-06T00:59:49 IST" name="afterSuite" finished-at="2022-09-06T00:59:49 IST" duration-ms="227" status="PASS">
          <reporter-output>
          </reporter-output>
        </test-method> <!-- afterSuite -->
      </class> <!-- testRunner.TestNGRunner -->
    </test> <!-- Default test -->
  </suite> <!-- Default suite -->
</testng-results>
