<?xml version="1.0" encoding="UTF-8"?>
<!-- Generated by org.testng.reporters.JUnitXMLReporter -->
<testsuite ignored="0" hostname="LAPTOP-JSVELAF0" failures="0" tests="6" name="Default test" time="31.204" errors="0" timestamp="2022-09-06T00:59:49 IST">
  <testcase classname="testRunner.TestNGRunner" name="verifyValidLogin" time="17.747"/>
  <testcase classname="testRunner.TestNGRunner" name="verifyChromeCPU" time="1.4"/>
  <testcase classname="testRunner.TestNGRunner" name="verifyLoadDelay" time="6.514"/>
  <testcase classname="testRunner.TestNGRunner" name="createUser" time="2.552"/>
  <testcase classname="testRunner.TestNGRunner" name="postPets" time="1.737"/>
  <testcase classname="testRunner.TestNGRunner" name="purchasePet" time="1.191"/>
</testsuite> <!-- Default test -->
