<?xml version="1.0" encoding="UTF-8"?>
<!-- Generated by org.testng.reporters.JUnitXMLReporter -->
<testsuite ignored="0" hostname="LAPTOP-JSVELAF0" failures="0" tests="3" name="Default test" time="5.195" errors="0" timestamp="2022-09-06T00:51:12 IST">
  <testcase classname="testRunner.TestNGRunner" name="createUser" time="2.289"/>
  <testcase classname="testRunner.TestNGRunner" name="postPets" time="1.628"/>
  <testcase classname="testRunner.TestNGRunner" name="purchasePet" time="1.221"/>
</testsuite> <!-- Default test -->
